<?xml version="1.0" encoding="UTF-8"?>
<testsuite xmlns:xsi="http://www.w3.org/2001/XMLSchema-instance" xsi:noNamespaceSchemaLocation="https://maven.apache.org/surefire/maven-surefire-plugin/xsd/surefire-test-report.xsd" name="runners.ParallelRunner" time="0.016" tests="1" errors="1" skipped="0" failures="0">
  <properties>
[...]
</properties>
  <testcase name="initializationError" classname="runners.ParallelRunner" time="0.016">
    <error message="Failed to parse resource at: file:///C:/Users/EMİN/IdeaProjects/CWCucumberSelenium/src/test/resources/features/04_ParameterizedStepsExample.feature&#10;(21:3): expected: #EOF, #TableRow, #TagLine, #ExamplesLine, #ScenarioLine, #RuleLine, #Comment, #Empty, got &apos;Scenario : Cucumber Step Definition (RegEx Edition)&apos;&#10;(22:5): expected: #EOF, #TableRow, #TagLine, #ExamplesLine, #ScenarioLine, #RuleLine, #Comment, #Empty, got &apos;Given Ismim &quot;Esma&quot;&apos;&#10;(23:5): expected: #EOF, #TableRow, #TagLine, #ExamplesLine, #ScenarioLine, #RuleLine, #Comment, #Empty, got &apos;And Soyismim &quot;Aslan&quot;&apos;&#10;(24:5): expected: #EOF, #TableRow, #TagLine, #ExamplesLine, #ScenarioLine, #RuleLine, #Comment, #Empty, got &apos;When Ehliyet Aldigimda&apos;&#10;(25:5): expected: #EOF, #TableRow, #TagLine, #ExamplesLine, #ScenarioLine, #RuleLine, #Comment, #Empty, got &apos;Then Ehliyetimde &quot;Esma Aslan&quot; yazmali&apos;" type="io.cucumber.core.gherkin.FeatureParserException">io.cucumber.core.gherkin.FeatureParserException: 
Failed to parse resource at: file:///C:/Users/EMİN/IdeaProjects/CWCucumberSelenium/src/test/resources/features/04_ParameterizedStepsExample.feature
(21:3): expected: #EOF, #TableRow, #TagLine, #ExamplesLine, #ScenarioLine, #RuleLine, #Comment, #Empty, got 'Scenario : Cucumber Step Definition (RegEx Edition)'
(22:5): expected: #EOF, #TableRow, #TagLine, #ExamplesLine, #ScenarioLine, #RuleLine, #Comment, #Empty, got 'Given Ismim "Esma"'
(23:5): expected: #EOF, #TableRow, #TagLine, #ExamplesLine, #ScenarioLine, #RuleLine, #Comment, #Empty, got 'And Soyismim "Aslan"'
(24:5): expected: #EOF, #TableRow, #TagLine, #ExamplesLine, #ScenarioLine, #RuleLine, #Comment, #Empty, got 'When Ehliyet Aldigimda'
(25:5): expected: #EOF, #TableRow, #TagLine, #ExamplesLine, #ScenarioLine, #RuleLine, #Comment, #Empty, got 'Then Ehliyetimde "Esma Aslan" yazmali'
</error>
  </testcase>
</testsuite>